#
# There is insufficient memory for the Java Runtime Environment to continue.
# Native memory allocation (mmap) failed to map 65536 bytes for Failed to commit metaspace.
# Possible reasons:
#   The system is out of physical RAM or swap space
#   The process is running with CompressedOops enabled, and the Java Heap may be blocking the growth of the native heap
# Possible solutions:
#   Reduce memory load on the system
#   Increase physical memory or swap space
#   Check if swap backing store is full
#   Decrease Java heap size (-Xmx/-Xms)
#   Decrease number of Java threads
#   Decrease Java thread stack sizes (-Xss)
#   Set larger code cache with -XX:ReservedCodeCacheSize=
#   JVM is running with Unscaled Compressed Oops mode in which the Java heap is
#     placed in the first 4GB address space. The Java Heap base address is the
#     maximum limit for the native heap growth. Please use -XX:HeapBaseMinAddress
#     to set the Java Heap base and to place the Java Heap above 4GB virtual address.
# This output file may be truncated or incomplete.
#
#  Out of Memory Error (virtualSpaceNode.cpp:110), pid=1820, tid=8452
#
# JRE version: Java(TM) SE Runtime Environment (17.0.12+8) (build 17.0.12+8-LTS-286)
# Java VM: Java HotSpot(TM) 64-Bit Server VM (17.0.12+8-LTS-286, mixed mode, sharing, tiered, compressed oops, compressed class ptrs, g1 gc, windows-amd64)
# No core dump will be written. Minidumps are not enabled by default on client versions of Windows
#

---------------  S U M M A R Y ------------

Command Line: -Xmx64m -Xms64m -Dorg.gradle.appname=gradlew C:\Users\HP\VendingMachine\android\\gradle\wrapper\gradle-wrapper.jar app:installDebug -PreactNativeDevServerPort=8081

Host: AMD Ryzen 3 3300U with Radeon Vega Mobile Gfx  , 4 cores, 3G,  Windows 10 , 64 bit Build 19041 (10.0.19041.5915)
Time: Thu Aug  7 16:31:56 2025 India Standard Time elapsed time: 42.012365 seconds (0d 0h 0m 42s)

---------------  T H R E A D  ---------------

Current thread (0x0000027199bb92d0):  JavaThread "main" [_thread_in_vm, id=8452, stack(0x000000db63000000,0x000000db63100000)]

Stack: [0x000000db63000000,0x000000db63100000]
Native frames: (J=compiled Java code, j=interpreted, Vv=VM code, C=native code)
V  [jvm.dll+0x67a04a]
V  [jvm.dll+0x7da4ed]
V  [jvm.dll+0x7dbe33]
V  [jvm.dll+0x7dc4a3]
V  [jvm.dll+0x24508f]
V  [jvm.dll+0x7d60bb]
V  [jvm.dll+0x6206c6]
V  [jvm.dll+0x62072a]
V  [jvm.dll+0x622f4d]
V  [jvm.dll+0x621086]
V  [jvm.dll+0x23936f]
V  [jvm.dll+0x62af35]
V  [jvm.dll+0x1e84b2]
V  [jvm.dll+0x1e89d5]
V  [jvm.dll+0x1e931b]
V  [jvm.dll+0x1dea41]
V  [jvm.dll+0x53f78c]
V  [jvm.dll+0x1ef3ca]
V  [jvm.dll+0x7547ad]
V  [jvm.dll+0x755bc6]
V  [jvm.dll+0x756355]
V  [jvm.dll+0x1e9741]
V  [jvm.dll+0x1dea5a]
V  [jvm.dll+0x53f78c]
V  [jvm.dll+0x1ef3ca]
V  [jvm.dll+0x7547ad]
V  [jvm.dll+0x755bc6]
V  [jvm.dll+0x755ef8]
V  [jvm.dll+0x23d13b]
V  [jvm.dll+0x23d38f]
V  [jvm.dll+0x55dc68]
V  [jvm.dll+0x560b4e]
V  [jvm.dll+0x380f73]
V  [jvm.dll+0x3805df]
C  0x00000271a89ca48a

Java frames: (J=compiled Java code, j=interpreted, Vv=VM code)
j  sun.util.logging.internal.LoggingProviderImpl.demandLoggerFor(Ljava/lang/String;Ljava/lang/Module;)Ljava/lang/System$Logger;+20 java.logging@17.0.12
j  jdk.internal.logger.DefaultLoggerFinder.getLogger(Ljava/lang/String;Ljava/lang/Module;)Ljava/lang/System$Logger;+21 java.base@17.0.12
j  jdk.internal.logger.LazyLoggers.getLoggerFromFinder(Ljava/lang/String;Ljava/lang/Module;)Ljava/lang/System$Logger;+13 java.base@17.0.12
j  jdk.internal.logger.LazyLoggers.getLazyLogger(Ljava/lang/String;Ljava/lang/Module;)Ljava/lang/System$Logger;+20 java.base@17.0.12
j  jdk.internal.logger.LazyLoggers.getLogger(Ljava/lang/String;Ljava/lang/Module;)Ljava/lang/System$Logger;+9 java.base@17.0.12
j  java.lang.System.getLogger(Ljava/lang/String;)Ljava/lang/System$Logger;+29 java.base@17.0.12
j  java.io.ObjectInputFilter$Config.<clinit>()V+22 java.base@17.0.12
v  ~StubRoutines::call_stub
j  java.io.ObjectInputStream.<init>(Ljava/io/InputStream;)V+61 java.base@17.0.12
j  org.gradle.internal.serialize.ClassLoaderObjectInputStream.<init>(Ljava/io/InputStream;Ljava/lang/ClassLoader;)V+2
j  org.gradle.internal.serialize.ExceptionReplacingObjectInputStream.<init>(Ljava/io/InputStream;Ljava/lang/ClassLoader;)V+3
j  org.gradle.internal.serialize.Message.receive(Ljava/io/InputStream;Ljava/lang/ClassLoader;)Ljava/lang/Object;+6
j  org.gradle.internal.serialize.BaseSerializerFactory$ThrowableSerializer.read(Lorg/gradle/internal/serialize/Decoder;)Ljava/lang/Throwable;+13
j  org.gradle.internal.serialize.BaseSerializerFactory$ThrowableSerializer.read(Lorg/gradle/internal/serialize/Decoder;)Ljava/lang/Object;+2
j  org.gradle.internal.logging.serializer.LogEventSerializer.read(Lorg/gradle/internal/serialize/Decoder;)Lorg/gradle/internal/logging/events/LogEvent;+43
j  org.gradle.internal.logging.serializer.LogEventSerializer.read(Lorg/gradle/internal/serialize/Decoder;)Ljava/lang/Object;+2
J 1537 c1 org.gradle.internal.serialize.DefaultSerializerRegistry$TaggedTypeSerializer.read(Lorg/gradle/internal/serialize/Decoder;)Ljava/lang/Object; (69 bytes) @ 0x00000271a1742fd4 [0x00000271a1742640+0x0000000000000994]
j  org.gradle.launcher.daemon.protocol.DaemonMessageSerializer$OutputMessageSerializer.read(Lorg/gradle/internal/serialize/Decoder;)Lorg/gradle/launcher/daemon/protocol/OutputMessage;+9
j  org.gradle.launcher.daemon.protocol.DaemonMessageSerializer$OutputMessageSerializer.read(Lorg/gradle/internal/serialize/Decoder;)Ljava/lang/Object;+2
J 1537 c1 org.gradle.internal.serialize.DefaultSerializerRegistry$TaggedTypeSerializer.read(Lorg/gradle/internal/serialize/Decoder;)Ljava/lang/Object; (69 bytes) @ 0x00000271a1742fd4 [0x00000271a1742640+0x0000000000000994]
j  org.gradle.internal.serialize.Serializers$StatefulSerializerAdapter$1.read()Ljava/lang/Object;+11
j  org.gradle.internal.remote.internal.inet.SocketConnection.receive()Ljava/lang/Object;+4
j  org.gradle.launcher.daemon.client.DaemonClientConnection.receive()Lorg/gradle/launcher/daemon/protocol/Message;+4
j  org.gradle.launcher.daemon.client.DaemonClient.monitorBuild(Lorg/gradle/launcher/daemon/protocol/Build;Lorg/gradle/launcher/daemon/diagnostics/DaemonDiagnostics;Lorg/gradle/launcher/daemon/client/DaemonClientConnection;Lorg/gradle/initialization/BuildCancellationToken;Lorg/gradle/initialization/BuildEventConsumer;)Ljava/lang/Object;+39
j  org.gradle.launcher.daemon.client.DaemonClient.executeBuild(Lorg/gradle/launcher/daemon/protocol/Build;Lorg/gradle/launcher/daemon/client/DaemonClientConnection;Lorg/gradle/initialization/BuildCancellationToken;Lorg/gradle/initialization/BuildEventConsumer;)Lorg/gradle/launcher/exec/BuildActionResult;+128
j  org.gradle.launcher.daemon.client.DaemonClient.execute(Lorg/gradle/internal/invocation/BuildAction;Lorg/gradle/launcher/exec/BuildActionParameters;Lorg/gradle/internal/daemon/client/execution/ClientBuildRequestContext;)Lorg/gradle/launcher/exec/BuildActionResult;+129
j  org.gradle.launcher.daemon.client.DaemonClient.execute(Lorg/gradle/internal/invocation/BuildAction;Ljava/lang/Object;Ljava/lang/Object;)Lorg/gradle/launcher/exec/BuildActionResult;+10
j  org.gradle.launcher.cli.RunBuildAction.run()V+67
j  org.gradle.internal.Actions$RunnableActionAdapter.execute(Ljava/lang/Object;)V+4
j  org.gradle.launcher.cli.DefaultCommandLineActionFactory$ParseAndBuildAction.execute(Lorg/gradle/launcher/bootstrap/ExecutionListener;)V+129
j  org.gradle.launcher.cli.DefaultCommandLineActionFactory$ParseAndBuildAction.execute(Ljava/lang/Object;)V+5
j  org.gradle.launcher.cli.DebugLoggerWarningAction.execute(Lorg/gradle/launcher/bootstrap/ExecutionListener;)V+9
j  org.gradle.launcher.cli.DebugLoggerWarningAction.execute(Ljava/lang/Object;)V+5
j  org.gradle.launcher.cli.WelcomeMessageAction.execute(Lorg/gradle/launcher/bootstrap/ExecutionListener;)V+218
j  org.gradle.launcher.cli.WelcomeMessageAction.execute(Ljava/lang/Object;)V+5
j  org.gradle.launcher.cli.NativeServicesInitializingAction.execute(Lorg/gradle/launcher/bootstrap/ExecutionListener;)V+38
j  org.gradle.launcher.cli.NativeServicesInitializingAction.execute(Ljava/lang/Object;)V+5
j  org.gradle.launcher.cli.ExceptionReportingAction.execute(Lorg/gradle/launcher/bootstrap/ExecutionListener;)V+5
j  org.gradle.launcher.cli.ExceptionReportingAction.execute(Ljava/lang/Object;)V+5
j  org.gradle.launcher.cli.DefaultCommandLineActionFactory$WithLogging.execute(Lorg/gradle/launcher/bootstrap/ExecutionListener;)V+309
j  org.gradle.launcher.Main.doAction([Ljava/lang/String;Lorg/gradle/launcher/bootstrap/ExecutionListener;)V+14
j  org.gradle.launcher.bootstrap.EntryPoint.run([Ljava/lang/String;)V+12
v  ~StubRoutines::call_stub
j  jdk.internal.reflect.NativeMethodAccessorImpl.invoke0(Ljava/lang/reflect/Method;Ljava/lang/Object;[Ljava/lang/Object;)Ljava/lang/Object;+0 java.base@17.0.12
j  jdk.internal.reflect.NativeMethodAccessorImpl.invoke(Ljava/lang/Object;[Ljava/lang/Object;)Ljava/lang/Object;+133 java.base@17.0.12
j  jdk.internal.reflect.DelegatingMethodAccessorImpl.invoke(Ljava/lang/Object;[Ljava/lang/Object;)Ljava/lang/Object;+6 java.base@17.0.12
j  java.lang.reflect.Method.invoke(Ljava/lang/Object;[Ljava/lang/Object;)Ljava/lang/Object;+59 java.base@17.0.12
j  org.gradle.launcher.bootstrap.ProcessBootstrap.runNoExit(Ljava/lang/String;Ljava/lang/String;Ljava/lang/String;[Ljava/lang/String;)V+205
j  org.gradle.launcher.bootstrap.ProcessBootstrap.run(Ljava/lang/String;Ljava/lang/String;Ljava/lang/String;[Ljava/lang/String;)V+4
j  org.gradle.launcher.GradleMain.main([Ljava/lang/String;)V+68
v  ~StubRoutines::call_stub
j  jdk.internal.reflect.NativeMethodAccessorImpl.invoke0(Ljava/lang/reflect/Method;Ljava/lang/Object;[Ljava/lang/Object;)Ljava/lang/Object;+0 java.base@17.0.12
j  jdk.internal.reflect.NativeMethodAccessorImpl.invoke(Ljava/lang/Object;[Ljava/lang/Object;)Ljava/lang/Object;+133 java.base@17.0.12
j  jdk.internal.reflect.DelegatingMethodAccessorImpl.invoke(Ljava/lang/Object;[Ljava/lang/Object;)Ljava/lang/Object;+6 java.base@17.0.12
j  java.lang.reflect.Method.invoke(Ljava/lang/Object;[Ljava/lang/Object;)Ljava/lang/Object;+59 java.base@17.0.12
j  org.gradle.wrapper.GradleWrapperMain.main([Ljava/lang/String;)V+1826
v  ~StubRoutines::call_stub

---------------  P R O C E S S  ---------------

Threads class SMR info:
_java_thread_list=0x00000271f8c161a0, length=13, elements={
0x0000027199bb92d0, 0x00000271b2aacf40, 0x00000271b2aad8e0, 0x00000271b2ac8bf0,
0x00000271b2aca4d0, 0x00000271b2acada0, 0x00000271b2acd680, 0x00000271b2ace330,
0x00000271b2ad0d10, 0x00000271b2ad7b40, 0x00000271f8039600, 0x00000271f803dcb0,
0x00000271f8bf32b0
}

Java Threads: ( => current thread )
=>0x0000027199bb92d0 JavaThread "main" [_thread_in_vm, id=8452, stack(0x000000db63000000,0x000000db63100000)]
  0x00000271b2aacf40 JavaThread "Reference Handler" daemon [_thread_blocked, id=9868, stack(0x000000db63700000,0x000000db63800000)]
  0x00000271b2aad8e0 JavaThread "Finalizer" daemon [_thread_blocked, id=2440, stack(0x000000db63800000,0x000000db63900000)]
  0x00000271b2ac8bf0 JavaThread "Signal Dispatcher" daemon [_thread_blocked, id=2588, stack(0x000000db63900000,0x000000db63a00000)]
  0x00000271b2aca4d0 JavaThread "Attach Listener" daemon [_thread_blocked, id=2448, stack(0x000000db63a00000,0x000000db63b00000)]
  0x00000271b2acada0 JavaThread "Service Thread" daemon [_thread_blocked, id=3424, stack(0x000000db63b00000,0x000000db63c00000)]
  0x00000271b2acd680 JavaThread "Monitor Deflation Thread" daemon [_thread_blocked, id=7928, stack(0x000000db63c00000,0x000000db63d00000)]
  0x00000271b2ace330 JavaThread "C2 CompilerThread0" daemon [_thread_blocked, id=444, stack(0x000000db63d00000,0x000000db63e00000)]
  0x00000271b2ad0d10 JavaThread "C1 CompilerThread0" daemon [_thread_blocked, id=9972, stack(0x000000db63e00000,0x000000db63f00000)]
  0x00000271b2ad7b40 JavaThread "Sweeper thread" daemon [_thread_blocked, id=11316, stack(0x000000db63f00000,0x000000db64000000)]
  0x00000271f8039600 JavaThread "Notification Thread" daemon [_thread_blocked, id=1544, stack(0x000000db64000000,0x000000db64100000)]
  0x00000271f803dcb0 JavaThread "Common-Cleaner" daemon [_thread_blocked, id=3464, stack(0x000000db64200000,0x000000db64300000)]
  0x00000271f8bf32b0 JavaThread "pool-1-thread-1" [_thread_blocked, id=11340, stack(0x000000db64700000,0x000000db64800000)]

Other Threads:
  0x0000027199c89c00 VMThread "VM Thread" [stack: 0x000000db63600000,0x000000db63700000] [id=5116]
  0x0000027199c7c640 WatcherThread [stack: 0x000000db64100000,0x000000db64200000] [id=2252]
  0x0000027199bd7610 GCTaskThread "GC Thread#0" [stack: 0x000000db63100000,0x000000db63200000] [id=10496]
  0x00000271f81f1e30 GCTaskThread "GC Thread#1" [stack: 0x000000db64300000,0x000000db64400000] [id=6632]
  0x00000271f82e13b0 GCTaskThread "GC Thread#2" [stack: 0x000000db64400000,0x000000db64500000] [id=4332]
  0x00000271f82e1670 GCTaskThread "GC Thread#3" [stack: 0x000000db64500000,0x000000db64600000] [id=8728]
  0x0000027199bdac90 ConcurrentGCThread "G1 Main Marker" [stack: 0x000000db63200000,0x000000db63300000] [id=3896]
  0x0000027199bdb5b0 ConcurrentGCThread "G1 Conc#0" [stack: 0x000000db63300000,0x000000db63400000] [id=8236]
  0x0000027199c28600 ConcurrentGCThread "G1 Refine#0" [stack: 0x000000db63400000,0x000000db63500000] [id=12264]
  0x00000271f858ed10 ConcurrentGCThread "G1 Refine#1" [stack: 0x000000db64600000,0x000000db64700000] [id=8420]
  0x0000027199c28f40 ConcurrentGCThread "G1 Service" [stack: 0x000000db63500000,0x000000db63600000] [id=1032]

Threads with active compile tasks:

VM state: not at safepoint (normal execution)

VM Mutex/Monitor currently owned by a thread:  ([mutex/lock_event])
[0x0000027199bb63e0] Metaspace_lock - owner thread: 0x0000027199bb92d0

Heap address: 0x00000000fc000000, size: 64 MB, Compressed Oops mode: 32-bit

CDS archive(s) mapped at: [0x00000271b3000000-0x00000271b3bd0000-0x00000271b3bd0000), size 12386304, SharedBaseAddress: 0x00000271b3000000, ArchiveRelocationMode: 1.
Compressed class space mapped at: 0x00000271b4000000-0x00000271f4000000, reserved size: 1073741824
Narrow klass base: 0x00000271b3000000, Narrow klass shift: 0, Narrow klass range: 0x100000000

GC Precious Log:
 CPUs: 4 total, 4 available
 Memory: 3530M
 Large Page Support: Disabled
 NUMA Support: Disabled
 Compressed Oops: Enabled (32-bit)
 Heap Region Size: 1M
 Heap Min Capacity: 64M
 Heap Initial Capacity: 64M
 Heap Max Capacity: 64M
 Pre-touch: Disabled
 Parallel Workers: 4
 Concurrent Workers: 1
 Concurrent Refinement Workers: 4
 Periodic GC: Disabled

Heap:
 garbage-first heap   total 65536K, used 35399K [0x00000000fc000000, 0x0000000100000000)
  region size 1024K, 29 young (29696K), 3 survivors (3072K)
 Metaspace       used 9369K, committed 9600K, reserved 1114112K
  class space    used 1246K, committed 1344K, reserved 1048576K

Heap Regions: E=young(eden), S=young(survivor), O=old, HS=humongous(starts), HC=humongous(continues), CS=collection set, F=free, OA=open archive, CA=closed archive, TAMS=top-at-mark-start (previous, next)
|   0|0x00000000fc000000, 0x00000000fc100000, 0x00000000fc100000|100%|HS|  |TAMS 0x00000000fc000000, 0x00000000fc000000| Complete 
|   1|0x00000000fc100000, 0x00000000fc200000, 0x00000000fc200000|100%|HC|  |TAMS 0x00000000fc100000, 0x00000000fc100000| Complete 
|   2|0x00000000fc200000, 0x00000000fc300000, 0x00000000fc300000|100%|HC|  |TAMS 0x00000000fc200000, 0x00000000fc200000| Complete 
|   3|0x00000000fc300000, 0x00000000fc400000, 0x00000000fc400000|100%| O|  |TAMS 0x00000000fc300000, 0x00000000fc300000| Untracked 
|   4|0x00000000fc400000, 0x00000000fc500000, 0x00000000fc500000|100%| O|  |TAMS 0x00000000fc400000, 0x00000000fc400000| Untracked 
|   5|0x00000000fc500000, 0x00000000fc600000, 0x00000000fc600000|100%| O|  |TAMS 0x00000000fc500000, 0x00000000fc500000| Untracked 
|   6|0x00000000fc600000, 0x00000000fc691e00, 0x00000000fc700000| 56%| O|  |TAMS 0x00000000fc600000, 0x00000000fc600000| Untracked 
|   7|0x00000000fc700000, 0x00000000fc700000, 0x00000000fc800000|  0%| F|  |TAMS 0x00000000fc700000, 0x00000000fc700000| Untracked 
|   8|0x00000000fc800000, 0x00000000fc800000, 0x00000000fc900000|  0%| F|  |TAMS 0x00000000fc800000, 0x00000000fc800000| Untracked 
|   9|0x00000000fc900000, 0x00000000fc900000, 0x00000000fca00000|  0%| F|  |TAMS 0x00000000fc900000, 0x00000000fc900000| Untracked 
|  10|0x00000000fca00000, 0x00000000fca00000, 0x00000000fcb00000|  0%| F|  |TAMS 0x00000000fca00000, 0x00000000fca00000| Untracked 
|  11|0x00000000fcb00000, 0x00000000fcb00000, 0x00000000fcc00000|  0%| F|  |TAMS 0x00000000fcb00000, 0x00000000fcb00000| Untracked 
|  12|0x00000000fcc00000, 0x00000000fcc00000, 0x00000000fcd00000|  0%| F|  |TAMS 0x00000000fcc00000, 0x00000000fcc00000| Untracked 
|  13|0x00000000fcd00000, 0x00000000fcd00000, 0x00000000fce00000|  0%| F|  |TAMS 0x00000000fcd00000, 0x00000000fcd00000| Untracked 
|  14|0x00000000fce00000, 0x00000000fce00000, 0x00000000fcf00000|  0%| F|  |TAMS 0x00000000fce00000, 0x00000000fce00000| Untracked 
|  15|0x00000000fcf00000, 0x00000000fcf00000, 0x00000000fd000000|  0%| F|  |TAMS 0x00000000fcf00000, 0x00000000fcf00000| Untracked 
|  16|0x00000000fd000000, 0x00000000fd000000, 0x00000000fd100000|  0%| F|  |TAMS 0x00000000fd000000, 0x00000000fd000000| Untracked 
|  17|0x00000000fd100000, 0x00000000fd100000, 0x00000000fd200000|  0%| F|  |TAMS 0x00000000fd100000, 0x00000000fd100000| Untracked 
|  18|0x00000000fd200000, 0x00000000fd200000, 0x00000000fd300000|  0%| F|  |TAMS 0x00000000fd200000, 0x00000000fd200000| Untracked 
|  19|0x00000000fd300000, 0x00000000fd300000, 0x00000000fd400000|  0%| F|  |TAMS 0x00000000fd300000, 0x00000000fd300000| Untracked 
|  20|0x00000000fd400000, 0x00000000fd400000, 0x00000000fd500000|  0%| F|  |TAMS 0x00000000fd400000, 0x00000000fd400000| Untracked 
|  21|0x00000000fd500000, 0x00000000fd500000, 0x00000000fd600000|  0%| F|  |TAMS 0x00000000fd500000, 0x00000000fd500000| Untracked 
|  22|0x00000000fd600000, 0x00000000fd600000, 0x00000000fd700000|  0%| F|  |TAMS 0x00000000fd600000, 0x00000000fd600000| Untracked 
|  23|0x00000000fd700000, 0x00000000fd700000, 0x00000000fd800000|  0%| F|  |TAMS 0x00000000fd700000, 0x00000000fd700000| Untracked 
|  24|0x00000000fd800000, 0x00000000fd800000, 0x00000000fd900000|  0%| F|  |TAMS 0x00000000fd800000, 0x00000000fd800000| Untracked 
|  25|0x00000000fd900000, 0x00000000fd900000, 0x00000000fda00000|  0%| F|  |TAMS 0x00000000fd900000, 0x00000000fd900000| Untracked 
|  26|0x00000000fda00000, 0x00000000fda00000, 0x00000000fdb00000|  0%| F|  |TAMS 0x00000000fda00000, 0x00000000fda00000| Untracked 
|  27|0x00000000fdb00000, 0x00000000fdb00000, 0x00000000fdc00000|  0%| F|  |TAMS 0x00000000fdb00000, 0x00000000fdb00000| Untracked 
|  28|0x00000000fdc00000, 0x00000000fdc00000, 0x00000000fdd00000|  0%| F|  |TAMS 0x00000000fdc00000, 0x00000000fdc00000| Untracked 
|  29|0x00000000fdd00000, 0x00000000fdd00000, 0x00000000fde00000|  0%| F|  |TAMS 0x00000000fdd00000, 0x00000000fdd00000| Untracked 
|  30|0x00000000fde00000, 0x00000000fde00000, 0x00000000fdf00000|  0%| F|  |TAMS 0x00000000fde00000, 0x00000000fde00000| Untracked 
|  31|0x00000000fdf00000, 0x00000000fdf00000, 0x00000000fe000000|  0%| F|  |TAMS 0x00000000fdf00000, 0x00000000fdf00000| Untracked 
|  32|0x00000000fe000000, 0x00000000fe000000, 0x00000000fe100000|  0%| F|  |TAMS 0x00000000fe000000, 0x00000000fe000000| Untracked 
|  33|0x00000000fe100000, 0x00000000fe100000, 0x00000000fe200000|  0%| F|  |TAMS 0x00000000fe100000, 0x00000000fe100000| Untracked 
|  34|0x00000000fe200000, 0x00000000fe200000, 0x00000000fe300000|  0%| F|  |TAMS 0x00000000fe200000, 0x00000000fe200000| Untracked 
|  35|0x00000000fe300000, 0x00000000fe400000, 0x00000000fe400000|100%| E|  |TAMS 0x00000000fe300000, 0x00000000fe300000| Complete 
|  36|0x00000000fe400000, 0x00000000fe500000, 0x00000000fe500000|100%| E|CS|TAMS 0x00000000fe400000, 0x00000000fe400000| Complete 
|  37|0x00000000fe500000, 0x00000000fe600000, 0x00000000fe600000|100%| E|CS|TAMS 0x00000000fe500000, 0x00000000fe500000| Complete 
|  38|0x00000000fe600000, 0x00000000fe700000, 0x00000000fe700000|100%| E|CS|TAMS 0x00000000fe600000, 0x00000000fe600000| Complete 
|  39|0x00000000fe700000, 0x00000000fe800000, 0x00000000fe800000|100%| E|CS|TAMS 0x00000000fe700000, 0x00000000fe700000| Complete 
|  40|0x00000000fe800000, 0x00000000fe900000, 0x00000000fe900000|100%| E|CS|TAMS 0x00000000fe800000, 0x00000000fe800000| Complete 
|  41|0x00000000fe900000, 0x00000000fea00000, 0x00000000fea00000|100%| S|CS|TAMS 0x00000000fe900000, 0x00000000fe900000| Complete 
|  42|0x00000000fea00000, 0x00000000feb00000, 0x00000000feb00000|100%| S|CS|TAMS 0x00000000fea00000, 0x00000000fea00000| Complete 
|  43|0x00000000feb00000, 0x00000000fec00000, 0x00000000fec00000|100%| S|CS|TAMS 0x00000000feb00000, 0x00000000feb00000| Complete 
|  44|0x00000000fec00000, 0x00000000fed00000, 0x00000000fed00000|100%| E|CS|TAMS 0x00000000fec00000, 0x00000000fec00000| Complete 
|  45|0x00000000fed00000, 0x00000000fee00000, 0x00000000fee00000|100%| E|CS|TAMS 0x00000000fed00000, 0x00000000fed00000| Complete 
|  46|0x00000000fee00000, 0x00000000fef00000, 0x00000000fef00000|100%| E|CS|TAMS 0x00000000fee00000, 0x00000000fee00000| Complete 
|  47|0x00000000fef00000, 0x00000000ff000000, 0x00000000ff000000|100%| E|CS|TAMS 0x00000000fef00000, 0x00000000fef00000| Complete 
|  48|0x00000000ff000000, 0x00000000ff100000, 0x00000000ff100000|100%| E|CS|TAMS 0x00000000ff000000, 0x00000000ff000000| Complete 
|  49|0x00000000ff100000, 0x00000000ff200000, 0x00000000ff200000|100%| E|CS|TAMS 0x00000000ff100000, 0x00000000ff100000| Complete 
|  50|0x00000000ff200000, 0x00000000ff300000, 0x00000000ff300000|100%| E|CS|TAMS 0x00000000ff200000, 0x00000000ff200000| Complete 
|  51|0x00000000ff300000, 0x00000000ff400000, 0x00000000ff400000|100%| E|CS|TAMS 0x00000000ff300000, 0x00000000ff300000| Complete 
|  52|0x00000000ff400000, 0x00000000ff500000, 0x00000000ff500000|100%| E|CS|TAMS 0x00000000ff400000, 0x00000000ff400000| Complete 
|  53|0x00000000ff500000, 0x00000000ff600000, 0x00000000ff600000|100%| E|CS|TAMS 0x00000000ff500000, 0x00000000ff500000| Complete 
|  54|0x00000000ff600000, 0x00000000ff700000, 0x00000000ff700000|100%| E|CS|TAMS 0x00000000ff600000, 0x00000000ff600000| Complete 
|  55|0x00000000ff700000, 0x00000000ff800000, 0x00000000ff800000|100%| E|CS|TAMS 0x00000000ff700000, 0x00000000ff700000| Complete 
|  56|0x00000000ff800000, 0x00000000ff900000, 0x00000000ff900000|100%| E|CS|TAMS 0x00000000ff800000, 0x00000000ff800000| Complete 
|  57|0x00000000ff900000, 0x00000000ffa00000, 0x00000000ffa00000|100%| E|CS|TAMS 0x00000000ff900000, 0x00000000ff900000| Complete 
|  58|0x00000000ffa00000, 0x00000000ffb00000, 0x00000000ffb00000|100%| E|CS|TAMS 0x00000000ffa00000, 0x00000000ffa00000| Complete 
|  59|0x00000000ffb00000, 0x00000000ffc00000, 0x00000000ffc00000|100%| E|CS|TAMS 0x00000000ffb00000, 0x00000000ffb00000| Complete 
|  60|0x00000000ffc00000, 0x00000000ffd00000, 0x00000000ffd00000|100%| E|CS|TAMS 0x00000000ffc00000, 0x00000000ffc00000| Complete 
|  61|0x00000000ffd00000, 0x00000000ffe00000, 0x00000000ffe00000|100%| E|CS|TAMS 0x00000000ffd00000, 0x00000000ffd00000| Complete 
|  62|0x00000000ffe00000, 0x00000000fff00000, 0x00000000fff00000|100%| E|CS|TAMS 0x00000000ffe00000, 0x00000000ffe00000| Complete 
|  63|0x00000000fff00000, 0x0000000100000000, 0x0000000100000000|100%| E|CS|TAMS 0x00000000fff00000, 0x00000000fff00000| Complete 

Card table byte_map: [0x0000027197d50000,0x0000027197d70000] _byte_map_base: 0x0000027197570000

Marking Bits (Prev, Next): (CMBitMap*) 0x0000027199bd8b50, (CMBitMap*) 0x0000027199bd8b90
 Prev Bits: [0x00000271999d0000, 0x0000027199ad0000)
 Next Bits: [0x00000271b0480000, 0x00000271b0580000)

Polling page: 0x0000027197a70000

Metaspace:

Usage:
  Non-class:      7.93 MB used.
      Class:      1.22 MB used.
       Both:      9.15 MB used.

Virtual space:
  Non-class space:       64.00 MB reserved,       8.06 MB ( 13%) committed,  1 nodes.
      Class space:        1.00 GB reserved,       1.31 MB ( <1%) committed,  1 nodes.
             Both:        1.06 GB reserved,       9.38 MB ( <1%) committed. 

Chunk freelists:
   Non-Class:  7.75 MB
       Class:  14.51 MB
        Both:  22.26 MB

MaxMetaspaceSize: unlimited
CompressedClassSpaceSize: 1.00 GB
Initial GC threshold: 21.00 MB
Current GC threshold: 21.00 MB
CDS: on
MetaspaceReclaimPolicy: balanced
 - commit_granule_bytes: 65536.
 - commit_granule_words: 8192.
 - virtual_space_node_default_size: 8388608.
 - enlarge_chunks_in_place: 1.
 - new_chunks_are_fully_committed: 0.
 - uncommit_free_chunks: 1.
 - use_allocation_guard: 0.
 - handle_deallocations: 1.


Internal statistics:

num_allocs_failed_limit: 0.
num_arena_births: 80.
num_arena_deaths: 0.
num_vsnodes_births: 2.
num_vsnodes_deaths: 0.
num_space_committed: 150.
num_space_uncommitted: 0.
num_chunks_returned_to_freelist: 0.
num_chunks_taken_from_freelist: 331.
num_chunk_merges: 0.
num_chunk_splits: 220.
num_chunks_enlarged: 184.
num_inconsistent_stats: 0.

CodeHeap 'non-profiled nmethods': size=120000Kb used=693Kb max_used=693Kb free=119306Kb
 bounds [0x00000271a8f50000, 0x00000271a91c0000, 0x00000271b0480000]
CodeHeap 'profiled nmethods': size=120000Kb used=3095Kb max_used=3095Kb free=116904Kb
 bounds [0x00000271a1480000, 0x00000271a1790000, 0x00000271a89b0000]
CodeHeap 'non-nmethods': size=5760Kb used=1171Kb max_used=1187Kb free=4588Kb
 bounds [0x00000271a89b0000, 0x00000271a8c20000, 0x00000271a8f50000]
 total_blobs=2129 nmethods=1663 adapters=379
 compilation: enabled
              stopped_count=0, restarted_count=0
 full_count=0

Compilation events (20 events):
Event: 40.864 Thread 0x00000271b2ad0d10 1654       3       com.google.common.collect.Iterables$4::iterator (17 bytes)
Event: 40.868 Thread 0x00000271b2ad0d10 nmethod 1654 0x00000271a177fe10 code [0x00000271a1780020, 0x00000271a1780848]
Event: 40.868 Thread 0x00000271b2ad0d10 1655       3       com.google.common.collect.Iterators::filter (20 bytes)
Event: 40.868 Thread 0x00000271b2ad0d10 nmethod 1655 0x00000271a1780b10 code [0x00000271a1780d20, 0x00000271a17813d8]
Event: 40.868 Thread 0x00000271b2ad0d10 1657       3       com.google.common.collect.Iterators$5::<init> (15 bytes)
Event: 40.869 Thread 0x00000271b2ad0d10 nmethod 1657 0x00000271a1781610 code [0x00000271a17817c0, 0x00000271a1781b18]
Event: 40.869 Thread 0x00000271b2ad0d10 1658       3       com.google.common.collect.AbstractIterator::<init> (12 bytes)
Event: 40.869 Thread 0x00000271b2ad0d10 nmethod 1658 0x00000271a1781c10 code [0x00000271a1781dc0, 0x00000271a1781ff8]
Event: 41.453 Thread 0x00000271b2ad0d10 1659       3       java.lang.Long::stringSize (55 bytes)
Event: 41.453 Thread 0x00000271b2ad0d10 nmethod 1659 0x00000271a1782110 code [0x00000271a17822c0, 0x00000271a1782558]
Event: 41.453 Thread 0x00000271b2ad0d10 1660       3       java.lang.Long::getChars (208 bytes)
Event: 41.455 Thread 0x00000271b2ad0d10 nmethod 1660 0x00000271a1782610 code [0x00000271a1782800, 0x00000271a1782e18]
Event: 41.931 Thread 0x00000271b2ad0d10 1662       3       java.security.AccessController::doPrivileged (9 bytes)
Event: 41.933 Thread 0x00000271b2ad0d10 nmethod 1662 0x00000271a1783190 code [0x00000271a1783360, 0x00000271a1783698]
Event: 41.933 Thread 0x00000271b2ad0d10 1663       3       java.lang.Class::getReflectionFactory (26 bytes)
Event: 41.934 Thread 0x00000271b2ad0d10 nmethod 1663 0x00000271a1783810 code [0x00000271a1783a40, 0x00000271a1784218]
Event: 41.965 Thread 0x00000271b2ad0d10 1664       3       java.lang.invoke.MethodHandle::<init> (37 bytes)
Event: 41.966 Thread 0x00000271b2ad0d10 nmethod 1664 0x00000271a1784510 code [0x00000271a1784720, 0x00000271a1784c98]
Event: 41.966 Thread 0x00000271b2ad0d10 1665       3       java.lang.invoke.LambdaForm::prepare (112 bytes)
Event: 41.968 Thread 0x00000271b2ad0d10 nmethod 1665 0x00000271a1784f10 code [0x00000271a1785140, 0x00000271a1785998]

GC Heap History (4 events):
Event: 0.742 GC heap before
{Heap before GC invocations=0 (full 0):
 garbage-first heap   total 65536K, used 13312K [0x00000000fc000000, 0x0000000100000000)
  region size 1024K, 13 young (13312K), 0 survivors (0K)
 Metaspace       used 1664K, committed 1792K, reserved 1114112K
  class space    used 156K, committed 192K, reserved 1048576K
}
Event: 0.749 GC heap after
{Heap after GC invocations=1 (full 0):
 garbage-first heap   total 65536K, used 1504K [0x00000000fc000000, 0x0000000100000000)
  region size 1024K, 2 young (2048K), 2 survivors (2048K)
 Metaspace       used 1664K, committed 1792K, reserved 1114112K
  class space    used 156K, committed 192K, reserved 1048576K
}
Event: 1.585 GC heap before
{Heap before GC invocations=1 (full 0):
 garbage-first heap   total 65536K, used 21984K [0x00000000fc000000, 0x0000000100000000)
  region size 1024K, 20 young (20480K), 2 survivors (2048K)
 Metaspace       used 2070K, committed 2240K, reserved 1114112K
  class space    used 185K, committed 256K, reserved 1048576K
}
Event: 1.592 GC heap after
{Heap after GC invocations=2 (full 0):
 garbage-first heap   total 65536K, used 9799K [0x00000000fc000000, 0x0000000100000000)
  region size 1024K, 3 young (3072K), 3 survivors (3072K)
 Metaspace       used 2070K, committed 2240K, reserved 1114112K
  class space    used 185K, committed 256K, reserved 1048576K
}

Deoptimization events (20 events):
Event: 3.329 Thread 0x0000027199bb92d0 Uncommon trap: trap_request=0xffffffde fr.pc=0x00000271a8f88354 relative=0x00000000000000b4
Event: 3.329 Thread 0x0000027199bb92d0 Uncommon trap: reason=class_check action=maybe_recompile pc=0x00000271a8f88354 method=java.util.AbstractList$Itr.next()Ljava/lang/Object; @ 14 c2
Event: 3.329 Thread 0x0000027199bb92d0 DEOPT PACKING pc=0x00000271a8f88354 sp=0x000000db630fcba0
Event: 3.329 Thread 0x0000027199bb92d0 DEOPT UNPACKING pc=0x00000271a8a023a3 sp=0x000000db630fcb38 mode 2
Event: 3.460 Thread 0x0000027199bb92d0 Uncommon trap: trap_request=0xffffffde fr.pc=0x00000271a8f87ff4 relative=0x0000000000000074
Event: 3.460 Thread 0x0000027199bb92d0 Uncommon trap: reason=class_check action=maybe_recompile pc=0x00000271a8f87ff4 method=java.util.AbstractList$Itr.hasNext()Z @ 8 c2
Event: 3.460 Thread 0x0000027199bb92d0 DEOPT PACKING pc=0x00000271a8f87ff4 sp=0x000000db630fc350
Event: 3.460 Thread 0x0000027199bb92d0 DEOPT UNPACKING pc=0x00000271a8a023a3 sp=0x000000db630fc2e8 mode 2
Event: 3.460 Thread 0x0000027199bb92d0 Uncommon trap: trap_request=0xffffffde fr.pc=0x00000271a8f88354 relative=0x00000000000000b4
Event: 3.460 Thread 0x0000027199bb92d0 Uncommon trap: reason=class_check action=maybe_recompile pc=0x00000271a8f88354 method=java.util.AbstractList$Itr.next()Ljava/lang/Object; @ 14 c2
Event: 3.460 Thread 0x0000027199bb92d0 DEOPT PACKING pc=0x00000271a8f88354 sp=0x000000db630fc340
Event: 3.460 Thread 0x0000027199bb92d0 DEOPT UNPACKING pc=0x00000271a8a023a3 sp=0x000000db630fc2d8 mode 2
Event: 3.474 Thread 0x00000271f8bf32b0 Uncommon trap: trap_request=0xffffffde fr.pc=0x00000271a8f87ff4 relative=0x0000000000000074
Event: 3.474 Thread 0x00000271f8bf32b0 Uncommon trap: reason=class_check action=maybe_recompile pc=0x00000271a8f87ff4 method=java.util.AbstractList$Itr.hasNext()Z @ 8 c2
Event: 3.474 Thread 0x00000271f8bf32b0 DEOPT PACKING pc=0x00000271a8f87ff4 sp=0x000000db647fe860
Event: 3.474 Thread 0x00000271f8bf32b0 DEOPT UNPACKING pc=0x00000271a8a023a3 sp=0x000000db647fe7f8 mode 2
Event: 3.474 Thread 0x00000271f8bf32b0 Uncommon trap: trap_request=0xffffffde fr.pc=0x00000271a8f88354 relative=0x00000000000000b4
Event: 3.474 Thread 0x00000271f8bf32b0 Uncommon trap: reason=class_check action=maybe_recompile pc=0x00000271a8f88354 method=java.util.AbstractList$Itr.next()Ljava/lang/Object; @ 14 c2
Event: 3.474 Thread 0x00000271f8bf32b0 DEOPT PACKING pc=0x00000271a8f88354 sp=0x000000db647fe850
Event: 3.474 Thread 0x00000271f8bf32b0 DEOPT UNPACKING pc=0x00000271a8a023a3 sp=0x000000db647fe7e8 mode 2

Classes unloaded (0 events):
No events

Classes redefined (0 events):
No events

Internal exceptions (20 events):
Event: 2.163 Thread 0x0000027199bb92d0 Exception <a 'java/lang/NoSuchMethodError'{0x00000000ff92df58}: 'java.lang.Object java.lang.invoke.DirectMethodHandle$Holder.invokeStaticInit(java.lang.Object)'> (0x00000000ff92df58) 
thrown [s\open\src\hotspot\share\interpreter\linkResolver.cpp, line 759]
Event: 2.193 Thread 0x0000027199bb92d0 Exception <a 'java/lang/NoSuchMethodError'{0x00000000ff948c20}: 'int java.lang.invoke.DirectMethodHandle$Holder.invokeSpecial(java.lang.Object, java.lang.Object, java.lang.Object)'> (0x00000000ff948c20) 
thrown [s\open\src\hotspot\share\interpreter\linkResolver.cpp, line 759]
Event: 2.206 Thread 0x0000027199bb92d0 Exception <a 'java/lang/NoSuchMethodError'{0x00000000ff9858c0}: 'void java.lang.invoke.DirectMethodHandle$Holder.invokeStatic(java.lang.Object, java.lang.Object)'> (0x00000000ff9858c0) 
thrown [s\open\src\hotspot\share\interpreter\linkResolver.cpp, line 759]
Event: 2.209 Thread 0x0000027199bb92d0 Implicit null exception at 0x00000271a8fb210a to 0x00000271a8fb263c
Event: 2.209 Thread 0x0000027199bb92d0 Implicit null exception at 0x00000271a8f9398b to 0x00000271a8f93ec4
Event: 2.209 Thread 0x0000027199bb92d0 Implicit null exception at 0x00000271a8f8128f to 0x00000271a8f81309
Event: 2.253 Thread 0x0000027199bb92d0 Exception <a 'java/lang/NoClassDefFoundError'{0x00000000ff800a80}: org/slf4j/impl/StaticMarkerBinder> (0x00000000ff800a80) 
thrown [s\open\src\hotspot\share\classfile\systemDictionary.cpp, line 245]
Event: 2.322 Thread 0x0000027199bb92d0 Exception <a 'java/lang/NoSuchMethodError'{0x00000000ff722c18}: 'java.lang.Object java.lang.invoke.Invokers$Holder.invoker(java.lang.Object, java.lang.Object, java.lang.Object)'> (0x00000000ff722c18) 
thrown [s\open\src\hotspot\share\interpreter\linkResolver.cpp, line 759]
Event: 2.324 Thread 0x0000027199bb92d0 Exception <a 'java/lang/NoSuchMethodError'{0x00000000ff72bd70}: 'java.lang.Object java.lang.invoke.DirectMethodHandle$Holder.invokeStatic(java.lang.Object, java.lang.Object, int)'> (0x00000000ff72bd70) 
thrown [s\open\src\hotspot\share\interpreter\linkResolver.cpp, line 759]
Event: 2.331 Thread 0x0000027199bb92d0 Exception <a 'java/lang/NoSuchMethodError'{0x00000000ff737a60}: 'void java.lang.invoke.DelegatingMethodHandle$Holder.delegate(java.lang.Object, java.lang.Object, int, java.lang.Object)'> (0x00000000ff737a60) 
thrown [s\open\src\hotspot\share\interpreter\linkResolver.cpp, line 759]
Event: 2.337 Thread 0x0000027199bb92d0 Exception <a 'java/lang/NoSuchMethodError'{0x00000000ff74b0a8}: 'java.lang.Object java.lang.invoke.Invokers$Holder.invokeExact_MT(java.lang.Object, java.lang.Object, java.lang.Object, java.lang.Object)'> (0x00000000ff74b0a8) 
thrown [s\open\src\hotspot\share\interpreter\linkResolver.cpp, line 759]
Event: 2.352 Thread 0x0000027199bb92d0 Exception <a 'java/lang/NoSuchMethodError'{0x00000000ff776168}: 'java.lang.Object java.lang.invoke.DirectMethodHandle$Holder.invokeVirtual(java.lang.Object, java.lang.Object, java.lang.Object)'> (0x00000000ff776168) 
thrown [s\open\src\hotspot\share\interpreter\linkResolver.cpp, line 759]
Event: 2.594 Thread 0x0000027199bb92d0 Exception <a 'java/lang/NoSuchMethodError'{0x00000000ff3def00}: 'java.lang.Object java.lang.invoke.DirectMethodHandle$Holder.newInvokeSpecial(java.lang.Object, java.lang.Object, java.lang.Object, java.lang.Object, java.lang.Object)'> (0x00000000ff3def00) 
thrown [s\open\src\hotspot\share\interpreter\linkResolver.cpp, line 759]
Event: 2.649 Thread 0x0000027199bb92d0 Exception <a 'java/lang/NoSuchMethodError'{0x00000000ff16a760}: 'void java.lang.invoke.DirectMethodHandle$Holder.invokeSpecial(java.lang.Object, java.lang.Object, java.lang.Object)'> (0x00000000ff16a760) 
thrown [s\open\src\hotspot\share\interpreter\linkResolver.cpp, line 759]
Event: 2.984 Thread 0x0000027199bb92d0 Exception <a 'java/lang/NoSuchMethodError'{0x00000000fef8f770}: 'void java.lang.invoke.DirectMethodHandle$Holder.invokeStatic(java.lang.Object, java.lang.Object, java.lang.Object)'> (0x00000000fef8f770) 
thrown [s\open\src\hotspot\share\interpreter\linkResolver.cpp, line 759]
Event: 3.093 Thread 0x0000027199bb92d0 Exception <a 'java/lang/NoSuchMethodError'{0x00000000fec28fb8}: 'java.lang.Object java.lang.invoke.DirectMethodHandle$Holder.newInvokeSpecial(java.lang.Object, java.lang.Object, java.lang.Object, java.lang.Object, java.lang.Object, java.lang.Object, java.lang.Object, java.lang.Object, java.lang.Object, java.lang.Object, java.lang.Object, java.lang.Object, java.lang.Object, java.lang.Object, java.lang.Object, java.lang.Object, java.lang.Object, java.lang.Object, java.lang.Object, java.lang.Object, java.lang
Event: 3.095 Thread 0x0000027199bb92d0 Exception <a 'java/lang/NoSuchMethodError'{0x00000000fec355c0}: 'java.lang.Object java.lang.invoke.Invokers$Holder.linkToTargetMethod(java.lang.Object, java.lang.Object, java.lang.Object, java.lang.Object, java.lang.Object, java.lang.Object, java.lang.Object, java.lang.Object, java.lang.Object, java.lang.Object, java.lang.Object, java.lang.Object, java.lang.Object, java.lang.Object, java.lang.Object, java.lang.Object, java.lang.Object, java.lang.Object, java.lang.Object, java.lang.Object, java.lang.Object,
Event: 3.187 Thread 0x0000027199bb92d0 Exception <a 'java/lang/NoSuchMethodError'{0x00000000fe7976c8}: 'java.lang.Object java.lang.invoke.DirectMethodHandle$Holder.invokeStaticInit(java.lang.Object, int, int, int, int)'> (0x00000000fe7976c8) 
thrown [s\open\src\hotspot\share\interpreter\linkResolver.cpp, line 759]
Event: 3.257 Thread 0x0000027199bb92d0 Exception <a 'java/lang/NoSuchMethodError'{0x00000000fe7c82e0}: 'java.lang.Object java.lang.invoke.DirectMethodHandle$Holder.invokeStaticInit(java.lang.Object, java.lang.Object, int, int, int, int)'> (0x00000000fe7c82e0) 
thrown [s\open\src\hotspot\share\interpreter\linkResolver.cpp, line 759]
Event: 3.296 Thread 0x0000027199bb92d0 Implicit null exception at 0x00000271a8fa1af2 to 0x00000271a8fa20c0

VM Operations (20 events):
Event: 22.898 Executing VM operation: Cleanup
Event: 22.899 Executing VM operation: Cleanup done
Event: 27.742 Executing VM operation: HandshakeAllThreads
Event: 27.743 Executing VM operation: HandshakeAllThreads done
Event: 27.743 Executing VM operation: Cleanup
Event: 27.743 Executing VM operation: Cleanup done
Event: 28.754 Executing VM operation: Cleanup
Event: 28.754 Executing VM operation: Cleanup done
Event: 30.775 Executing VM operation: Cleanup
Event: 30.775 Executing VM operation: Cleanup done
Event: 31.776 Executing VM operation: Cleanup
Event: 31.776 Executing VM operation: Cleanup done
Event: 36.798 Executing VM operation: Cleanup
Event: 36.799 Executing VM operation: Cleanup done
Event: 39.830 Executing VM operation: Cleanup
Event: 39.831 Executing VM operation: Cleanup done
Event: 40.837 Executing VM operation: Cleanup
Event: 40.837 Executing VM operation: Cleanup done
Event: 41.846 Executing VM operation: Cleanup
Event: 41.863 Executing VM operation: Cleanup done

Events (20 events):
Event: 41.946 loading class java/io/ObjectInputStream$HandleTable
Event: 41.948 loading class java/io/ObjectInputStream$HandleTable done
Event: 41.948 loading class java/io/ObjectInputStream$HandleTable$HandleList
Event: 41.948 loading class java/io/ObjectInputStream$HandleTable$HandleList done
Event: 41.948 loading class java/io/ObjectInputStream$ValidationList
Event: 41.950 loading class java/io/ObjectInputStream$ValidationList done
Event: 41.950 loading class java/io/ObjectInputFilter$Config
Event: 41.952 loading class java/io/ObjectInputFilter$Config done
Event: 41.953 loading class jdk/internal/logger/LazyLoggers
Event: 41.954 loading class jdk/internal/logger/LazyLoggers done
Event: 41.955 loading class jdk/internal/logger/LazyLoggers$1
Event: 41.957 loading class jdk/internal/logger/LazyLoggers$1 done
Event: 41.957 loading class jdk/internal/logger/LazyLoggers$LazyLoggerFactories
Event: 41.957 loading class jdk/internal/logger/LazyLoggers$LazyLoggerFactories done
Event: 41.972 loading class jdk/internal/logger/LoggerFinderLoader
Event: 41.973 loading class jdk/internal/logger/LoggerFinderLoader done
Event: 41.989 loading class jdk/internal/logger/LoggerFinderLoader$TemporaryLoggerFinder
Event: 41.989 loading class jdk/internal/logger/LoggerFinderLoader$TemporaryLoggerFinder done
Event: 41.999 loading class sun/util/logging/internal/LoggingProviderImpl$JULWrapper
Event: 42.001 loading class sun/util/logging/PlatformLogger$ConfigurableBridge$LoggerConfiguration


Dynamic libraries:
0x00007ff625590000 - 0x00007ff6255a0000 	C:\Program Files\Java\jdk-17\bin\java.exe
0x00007ffc48610000 - 0x00007ffc48808000 	C:\Windows\SYSTEM32\ntdll.dll
0x00007ffc47ba0000 - 0x00007ffc47c62000 	C:\Windows\System32\KERNEL32.DLL
0x00007ffc46330000 - 0x00007ffc46626000 	C:\Windows\System32\KERNELBASE.dll
0x00007ffc45e60000 - 0x00007ffc45f60000 	C:\Windows\System32\ucrtbase.dll
0x00007ffc1e690000 - 0x00007ffc1e6ab000 	C:\Program Files\Java\jdk-17\bin\VCRUNTIME140.dll
0x00007ffc20f40000 - 0x00007ffc20f59000 	C:\Program Files\Java\jdk-17\bin\jli.dll
0x00007ffc47d70000 - 0x00007ffc47e21000 	C:\Windows\System32\ADVAPI32.dll
0x00007ffc480f0000 - 0x00007ffc4818e000 	C:\Windows\System32\msvcrt.dll
0x00007ffc48190000 - 0x00007ffc4822f000 	C:\Windows\System32\sechost.dll
0x00007ffc47a70000 - 0x00007ffc47b93000 	C:\Windows\System32\RPCRT4.dll
0x00007ffc45de0000 - 0x00007ffc45e07000 	C:\Windows\System32\bcrypt.dll
0x00007ffc30540000 - 0x00007ffc307da000 	C:\Windows\WinSxS\amd64_microsoft.windows.common-controls_6595b64144ccf1df_6.0.19041.5915_none_60b4b9d171f9c7c7\COMCTL32.dll
0x00007ffc48350000 - 0x00007ffc484ed000 	C:\Windows\System32\USER32.dll
0x00007ffc47370000 - 0x00007ffc4739b000 	C:\Windows\System32\GDI32.dll
0x00007ffc460c0000 - 0x00007ffc460e2000 	C:\Windows\System32\win32u.dll
0x00007ffc46210000 - 0x00007ffc46329000 	C:\Windows\System32\gdi32full.dll
0x00007ffc460f0000 - 0x00007ffc4618d000 	C:\Windows\System32\msvcp_win.dll
0x00007ffc3b9e0000 - 0x00007ffc3b9ea000 	C:\Windows\SYSTEM32\VERSION.dll
0x00007ffc47a40000 - 0x00007ffc47a6f000 	C:\Windows\System32\IMM32.DLL
0x00007ffc39090000 - 0x00007ffc3909c000 	C:\Program Files\Java\jdk-17\bin\vcruntime140_1.dll
0x00007ffc089f0000 - 0x00007ffc08a7e000 	C:\Program Files\Java\jdk-17\bin\msvcp140.dll
0x00007ffc068a0000 - 0x00007ffc07480000 	C:\Program Files\Java\jdk-17\bin\server\jvm.dll
0x00007ffc473a0000 - 0x00007ffc473a8000 	C:\Windows\System32\PSAPI.DLL
0x00007ffc373c0000 - 0x00007ffc373c9000 	C:\Windows\SYSTEM32\WSOCK32.dll
0x00007ffc47c70000 - 0x00007ffc47cdb000 	C:\Windows\System32\WS2_32.dll
0x00007ffc3b9f0000 - 0x00007ffc3ba17000 	C:\Windows\SYSTEM32\WINMM.dll
0x00007ffc43b20000 - 0x00007ffc43b32000 	C:\Windows\SYSTEM32\kernel.appcore.dll
0x00007ffc371c0000 - 0x00007ffc371ca000 	C:\Program Files\Java\jdk-17\bin\jimage.dll
0x00007ffc2b120000 - 0x00007ffc2b321000 	C:\Windows\SYSTEM32\DBGHELP.DLL
0x00007ffc2a5a0000 - 0x00007ffc2a5d4000 	C:\Windows\SYSTEM32\dbgcore.DLL
0x00007ffc45ca0000 - 0x00007ffc45d22000 	C:\Windows\System32\bcryptPrimitives.dll
0x00007ffc1c010000 - 0x00007ffc1c035000 	C:\Program Files\Java\jdk-17\bin\java.dll
0x00007ffc067c0000 - 0x00007ffc06897000 	C:\Program Files\Java\jdk-17\bin\jsvml.dll
0x00007ffc46c00000 - 0x00007ffc4736e000 	C:\Windows\System32\SHELL32.dll
0x00007ffc43d20000 - 0x00007ffc444c4000 	C:\Windows\SYSTEM32\windows.storage.dll
0x00007ffc474d0000 - 0x00007ffc47823000 	C:\Windows\System32\combase.dll
0x00007ffc45600000 - 0x00007ffc4562b000 	C:\Windows\SYSTEM32\Wldp.dll
0x00007ffc48020000 - 0x00007ffc480ed000 	C:\Windows\System32\OLEAUT32.dll
0x00007ffc47f70000 - 0x00007ffc4801d000 	C:\Windows\System32\SHCORE.dll
0x00007ffc48230000 - 0x00007ffc4828b000 	C:\Windows\System32\shlwapi.dll
0x00007ffc45bd0000 - 0x00007ffc45bf4000 	C:\Windows\SYSTEM32\profapi.dll
0x00007ffc1bb10000 - 0x00007ffc1bb29000 	C:\Program Files\Java\jdk-17\bin\net.dll
0x00007ffc3d780000 - 0x00007ffc3d88a000 	C:\Windows\SYSTEM32\WINHTTP.dll
0x00007ffc45360000 - 0x00007ffc453ca000 	C:\Windows\system32\mswsock.dll
0x00007ffc1b940000 - 0x00007ffc1b956000 	C:\Program Files\Java\jdk-17\bin\nio.dll
0x00007ffc1b120000 - 0x00007ffc1b138000 	C:\Program Files\Java\jdk-17\bin\zip.dll
0x00007ffc43330000 - 0x00007ffc43340000 	C:\Program Files\Java\jdk-17\bin\verify.dll
0x00007ffc31120000 - 0x00007ffc3112a000 	C:\Program Files\Java\jdk-17\bin\management.dll
0x00007ffc2f560000 - 0x00007ffc2f56b000 	C:\Program Files\Java\jdk-17\bin\management_ext.dll
0x00007ffc2db10000 - 0x00007ffc2db37000 	C:\Users\HP\.gradle\native\1def1411415f61bf3af743bc5b6707747c0891f09f0c88961ee8f79bc544acac\windows-amd64\native-platform.dll
0x00007ffc422d0000 - 0x00007ffc422da000 	C:\Users\HP\.gradle\native\jansi\1.18\windows64\jansi.dll
0x00007ffc45040000 - 0x00007ffc4507b000 	C:\Windows\SYSTEM32\IPHLPAPI.DLL
0x00007ffc46aa0000 - 0x00007ffc46aa8000 	C:\Windows\System32\NSI.dll
0x00007ffc3ef20000 - 0x00007ffc3ef37000 	C:\Windows\SYSTEM32\dhcpcsvc6.DLL
0x00007ffc3f310000 - 0x00007ffc3f32d000 	C:\Windows\SYSTEM32\dhcpcsvc.DLL
0x00007ffc45080000 - 0x00007ffc4514a000 	C:\Windows\SYSTEM32\DNSAPI.dll
0x00007ffc45560000 - 0x00007ffc45578000 	C:\Windows\SYSTEM32\CRYPTSP.dll
0x00007ffc44c80000 - 0x00007ffc44cb8000 	C:\Windows\system32\rsaenh.dll
0x00007ffc45b50000 - 0x00007ffc45b7e000 	C:\Windows\SYSTEM32\USERENV.dll
0x00007ffc45550000 - 0x00007ffc4555c000 	C:\Windows\SYSTEM32\CRYPTBASE.dll
0x00007ffc2f490000 - 0x00007ffc2f49e000 	C:\Program Files\Java\jdk-17\bin\sunmscapi.dll
0x00007ffc45f60000 - 0x00007ffc460bd000 	C:\Windows\System32\CRYPT32.dll
0x00007ffc45670000 - 0x00007ffc45697000 	C:\Windows\SYSTEM32\ncrypt.dll
0x00007ffc45630000 - 0x00007ffc4566b000 	C:\Windows\SYSTEM32\NTASN1.dll
0x00007ffc2f310000 - 0x00007ffc2f317000 	C:\Windows\system32\wshunix.dll

dbghelp: loaded successfully - version: 4.0.5 - missing functions: none
symbol engine: initialized successfully - sym options: 0x614 - pdb path: .;C:\Program Files\Java\jdk-17\bin;C:\Windows\SYSTEM32;C:\Windows\WinSxS\amd64_microsoft.windows.common-controls_6595b64144ccf1df_6.0.19041.5915_none_60b4b9d171f9c7c7;C:\Program Files\Java\jdk-17\bin\server;C:\Users\HP\.gradle\native\1def1411415f61bf3af743bc5b6707747c0891f09f0c88961ee8f79bc544acac\windows-amd64;C:\Users\HP\.gradle\native\jansi\1.18\windows64

VM Arguments:
jvm_args: -Xmx64m -Xms64m -Dorg.gradle.appname=gradlew 
java_command: C:\Users\HP\VendingMachine\android\\gradle\wrapper\gradle-wrapper.jar app:installDebug -PreactNativeDevServerPort=8081
java_class_path (initial): C:\Users\HP\VendingMachine\android\\gradle\wrapper\gradle-wrapper.jar
Launcher Type: SUN_STANDARD

[Global flags]
     intx CICompilerCount                          = 3                                         {product} {ergonomic}
     uint ConcGCThreads                            = 1                                         {product} {ergonomic}
     uint G1ConcRefinementThreads                  = 4                                         {product} {ergonomic}
   size_t G1HeapRegionSize                         = 1048576                                   {product} {ergonomic}
    uintx GCDrainStackTargetSize                   = 64                                        {product} {ergonomic}
   size_t InitialHeapSize                          = 67108864                                  {product} {command line}
   size_t MarkStackSize                            = 4194304                                   {product} {ergonomic}
   size_t MaxHeapSize                              = 67108864                                  {product} {command line}
   size_t MaxNewSize                               = 39845888                                  {product} {ergonomic}
   size_t MinHeapDeltaBytes                        = 1048576                                   {product} {ergonomic}
   size_t MinHeapSize                              = 67108864                                  {product} {command line}
    uintx NonNMethodCodeHeapSize                   = 5832780                                {pd product} {ergonomic}
    uintx NonProfiledCodeHeapSize                  = 122912730                              {pd product} {ergonomic}
    uintx ProfiledCodeHeapSize                     = 122912730                              {pd product} {ergonomic}
    uintx ReservedCodeCacheSize                    = 251658240                              {pd product} {ergonomic}
     bool SegmentedCodeCache                       = true                                      {product} {ergonomic}
   size_t SoftMaxHeapSize                          = 67108864                               {manageable} {ergonomic}
     bool UseCompressedClassPointers               = true                           {product lp64_product} {ergonomic}
     bool UseCompressedOops                        = true                           {product lp64_product} {ergonomic}
     bool UseG1GC                                  = true                                      {product} {ergonomic}
     bool UseLargePagesIndividualAllocation        = false                                  {pd product} {ergonomic}

Logging:
Log output configuration:
 #0: stdout all=warning uptime,level,tags
 #1: stderr all=off uptime,level,tags

Environment Variables:
JAVA_HOME=C:\Program Files\Java\jdk-17
PATH=C:\Users\HP\VendingMachine\node_modules\.bin;C:\Users\HP\VendingMachine\node_modules\.bin;C:\Users\HP\node_modules\.bin;C:\Users\node_modules\.bin;C:\node_modules\.bin;C:\Program Files\nodejs\node_modules\npm\node_modules\@npmcli\run-script\lib\node-gyp-bin;C:\Python313\Scripts\;C:\Python313\;C:\Program Files\Common Files\Oracle\Java\javapath;C:\Windows\system32;C:\Windows;C:\Windows\System32\Wbem;C:\Windows\System32\WindowsPowerShell\v1.0\;C:\Windows\System32\OpenSSH\;C:\Program Files\nodejs\;C:\ProgramData\chocolatey\bin;C:\Program Files\Java\jdk-17;C:\Program Files\Git\cmd;C:\Users\HP\AppData\Local\Microsoft\WindowsApps;C:\Users\HP\AppData\Local\Programs\cursor\resources\app\bin;C:\Users\HP\AppData\Roaming\npm;C:\Users\HP\AppData\Local\Programs\Microsoft VS Code\bin
USERNAME=HP
LANG=en_US.UTF-8
OS=Windows_NT
PROCESSOR_IDENTIFIER=AMD64 Family 23 Model 24 Stepping 1, AuthenticAMD



---------------  S Y S T E M  ---------------

OS:
 Windows 10 , 64 bit Build 19041 (10.0.19041.5915)
OS uptime: 1 days 4:54 hours

CPU: total 4 (initial active 4) (4 cores per cpu, 1 threads per core) family 23 model 24 stepping 1 microcode 0x0, cx8, cmov, fxsr, mmx, 3dnowpref, sse, sse2, sse3, ssse3, sse4a, sse4.1, sse4.2, popcnt, lzcnt, tsc, tscinvbit, avx, avx2, aes, clmul, bmi1, bmi2, adx, sha, fma, vzeroupper, clflush, clflushopt

Memory: 4k page, system-wide physical 3530M (110M free)
TotalPageFile size 14282M (AvailPageFile size 0M)
current process WorkingSet (physical memory assigned to process): 26M, peak: 94M
current process commit charge ("private bytes"): 155M, peak: 159M

vm_info: Java HotSpot(TM) 64-Bit Server VM (17.0.12+8-LTS-286) for windows-amd64 JRE (17.0.12+8-LTS-286), built on Jun  5 2024 06:46:59 by "mach5one" with MS VC++ 17.6 (VS2022)

END.
